[    0.000000] Linux version 4.15.0-212-generic (buildd@lcy02-amd64-083) (gcc version 7.5.0 (Ubuntu 7.5.0-3ubuntu1~18.04)) #223-Ubuntu SMP Tue May 23 13:09:22 UTC 2023 (Ubuntu 4.15.0-212.223-generic 4.15.18)
[    0.000000] Command line: BOOT_IMAGE=/boot/vmlinuz-4.15.0-212-generic root=LABEL=cloudimg-rootfs ro console=tty1 console=ttyS0
[    0.000000] KERNEL supported cpus:
[    0.000000]   Intel GenuineIntel
[    0.000000]   AMD AuthenticAMD
[    0.000000]   Centaur CentaurHauls
[    0.000000] x86/fpu: x87 FPU will use FXSAVE
[    0.000000] e820: BIOS-provided physical RAM map:
[    0.000000] BIOS-e820: [mem 0x0000000000000000-0x000000000009fbff] usable
[    0.000000] BIOS-e820: [mem 0x000000000009fc00-0x000000000009ffff] reserved
[    0.000000] BIOS-e820: [mem 0x00000000000f0000-0x00000000000fffff] reserved
[    0.000000] BIOS-e820: [mem 0x0000000000100000-0x000000001ffeffff] usable
[    0.000000] BIOS-e820: [mem 0x000000001fff0000-0x000000001fffffff] ACPI data
[    0.000000] BIOS-e820: [mem 0x00000000fec00000-0x00000000fec00fff] reserved
[    0.000000] BIOS-e820: [mem 0x00000000fee00000-0x00000000fee00fff] reserved
[    0.000000] BIOS-e820: [mem 0x00000000fffc0000-0x00000000ffffffff] reserved
[    0.000000] NX (Execute Disable) protection: active
[    0.000000] SMBIOS 2.5 present.
[    0.000000] DMI: innotek GmbH VirtualBox/VirtualBox, BIOS VirtualBox 12/01/2006
[    0.000000] Hypervisor detected: KVM
[    0.000000] e820: last_pfn = 0x1fff0 max_arch_pfn = 0x400000000
[    0.000000] x86/PAT: Configuration [0-7]: WB  WC  UC- UC  WB  WP  UC- WT  
[    0.000000] CPU MTRRs all blank - virtualized system.
[    0.000000] found SMP MP-table at [mem 0x0009fbf0-0x0009fbff]
[    0.000000] Scanning 1 areas for low memory corruption
[    0.000000] RAMDISK: [mem 0x1db01000-0x1ee12fff]
[    0.000000] ACPI: Early table checksum verification disabled
[    0.000000] ACPI: RSDP 0x00000000000E0000 000024 (v02 VBOX  )
[    0.000000] ACPI: XSDT 0x000000001FFF0030 00003C (v01 VBOX   VBOXXSDT 00000001 ASL  00000061)
[    0.000000] ACPI: FACP 0x000000001FFF00F0 0000F4 (v04 VBOX   VBOXFACP 00000001 ASL  00000061)
[    0.000000] ACPI: DSDT 0x000000001FFF0610 002353 (v02 VBOX   VBOXBIOS 00000002 INTL 20100528)
[    0.000000] ACPI: FACS 0x000000001FFF0200 000040
[    0.000000] ACPI: FACS 0x000000001FFF0200 000040
[    0.000000] ACPI: APIC 0x000000001FFF0240 000054 (v02 VBOX   VBOXAPIC 00000001 ASL  00000061)
[    0.000000] ACPI: SSDT 0x000000001FFF02A0 00036C (v01 VBOX   VBOXCPUT 00000002 INTL 20100528)
[    0.000000] ACPI: Reserving FACP table memory at [mem 0x1fff00f0-0x1fff01e3]
[    0.000000] ACPI: Reserving DSDT table memory at [mem 0x1fff0610-0x1fff2962]
[    0.000000] ACPI: Reserving FACS table memory at [mem 0x1fff0200-0x1fff023f]
[    0.000000] ACPI: Reserving FACS table memory at [mem 0x1fff0200-0x1fff023f]
[    0.000000] ACPI: Reserving APIC table memory at [mem 0x1fff0240-0x1fff0293]
[    0.000000] ACPI: Reserving SSDT table memory at [mem 0x1fff02a0-0x1fff060b]
[    0.000000] No NUMA configuration found
[    0.000000] Faking a node at [mem 0x0000000000000000-0x000000001ffeffff]
[    0.000000] NODE_DATA(0) allocated [mem 0x1ffc5000-0x1ffeffff]
[    0.000000] kvm-clock: cpu 0, msr 0:1ff44001, primary cpu clock
[    0.000000] kvm-clock: Using msrs 4b564d01 and 4b564d00
[    0.000000] kvm-clock: using sched offset of 4796446683 cycles
[    0.000000] clocksource: kvm-clock: mask: 0xffffffffffffffff max_cycles: 0x1cd42e4dffb, max_idle_ns: 881590591483 ns
[    0.000000] Zone ranges:
[    0.000000]   DMA      [mem 0x0000000000001000-0x0000000000ffffff]
[    0.000000]   DMA32    [mem 0x0000000001000000-0x000000001ffeffff]
[    0.000000]   Normal   empty
[    0.000000]   Device   empty
[    0.000000] Movable zone start for each node
[    0.000000] Early memory node ranges
[    0.000000]   node   0: [mem 0x0000000000001000-0x000000000009efff]
[    0.000000]   node   0: [mem 0x0000000000100000-0x000000001ffeffff]
[    0.000000] Reserved but unavailable: 104 pages
[    0.000000] Initmem setup node 0 [mem 0x0000000000001000-0x000000001ffeffff]
[    0.000000] ACPI: PM-Timer IO Port: 0x4008
[    0.000000] IOAPIC[0]: apic_id 1, version 32, address 0xfec00000, GSI 0-23
[    0.000000] ACPI: INT_SRC_OVR (bus 0 bus_irq 0 global_irq 2 dfl dfl)
[    0.000000] ACPI: INT_SRC_OVR (bus 0 bus_irq 9 global_irq 9 low level)
[    0.000000] Using ACPI (MADT) for SMP configuration information
[    0.000000] smpboot: Allowing 1 CPUs, 0 hotplug CPUs
[    0.000000] PM: Registered nosave memory: [mem 0x00000000-0x00000fff]
[    0.000000] PM: Registered nosave memory: [mem 0x0009f000-0x0009ffff]
[    0.000000] PM: Registered nosave memory: [mem 0x000a0000-0x000effff]
[    0.000000] PM: Registered nosave memory: [mem 0x000f0000-0x000fffff]
[    0.000000] e820: [mem 0x20000000-0xfebfffff] available for PCI devices
[    0.000000] Booting paravirtualized kernel on KVM
[    0.000000] clocksource: refined-jiffies: mask: 0xffffffff max_cycles: 0xffffffff, max_idle_ns: 7645519600211568 ns
[    0.000000] setup_percpu: NR_CPUS:8192 nr_cpumask_bits:1 nr_cpu_ids:1 nr_node_ids:1
[    0.000000] percpu: Embedded 50 pages/cpu s167936 r8192 d28672 u2097152
[    0.000000] PV qspinlock hash table entries: 256 (order: 0, 4096 bytes)
[    0.000000] Built 1 zonelists, mobility grouping on.  Total pages: 128889
[    0.000000] Policy zone: DMA32
[    0.000000] Kernel command line: BOOT_IMAGE=/boot/vmlinuz-4.15.0-212-generic root=LABEL=cloudimg-rootfs ro console=tty1 console=ttyS0
[    0.000000] Memory: 466748K/523832K available (12300K kernel code, 2477K rwdata, 4324K rodata, 2480K init, 2720K bss, 57084K reserved, 0K cma-reserved)
[    0.000000] SLUB: HWalign=64, Order=0-3, MinObjects=0, CPUs=1, Nodes=1
[    0.000000] Kernel/User page tables isolation: enabled
[    0.000000] ftrace: allocating 39508 entries in 155 pages
[    0.004000] Hierarchical RCU implementation.
[    0.004000] 	RCU restricting CPUs from NR_CPUS=8192 to nr_cpu_ids=1.
[    0.004000] 	Tasks RCU enabled.
[    0.004000] RCU: Adjusting geometry for rcu_fanout_leaf=16, nr_cpu_ids=1
[    0.004000] NR_IRQS: 524544, nr_irqs: 256, preallocated irqs: 16
[    0.004000] random: crng init done
[    0.004000] Console: colour VGA+ 80x25
[    0.004000] console [tty1] enabled
[    0.004000] console [ttyS0] enabled
[    0.004000] ACPI: Core revision 20170831
[    0.004000] ACPI: 2 ACPI AML tables successfully acquired and loaded
[    0.004000] APIC: Switch to symmetric I/O mode setup
[    0.008000] ..TIMER: vector=0x30 apic1=0 pin1=2 apic2=-1 pin2=-1
[    0.008007] tsc: Detected 1991.998 MHz processor
[    0.012012] Calibrating delay loop (skipped) preset value.. 3983.99 BogoMIPS (lpj=7967992)
[    0.016006] pid_max: default: 32768 minimum: 301
[    0.020039] Security Framework initialized
[    0.024009] Yama: becoming mindful.
[    0.028041] AppArmor: AppArmor initialized
[    0.032391] Dentry cache hash table entries: 65536 (order: 7, 524288 bytes)
[    0.036206] Inode-cache hash table entries: 32768 (order: 6, 262144 bytes)
[    0.040016] Mount-cache hash table entries: 1024 (order: 1, 8192 bytes)
[    0.044007] Mountpoint-cache hash table entries: 1024 (order: 1, 8192 bytes)
[    0.050443] Last level iTLB entries: 4KB 64, 2MB 8, 4MB 8
[    0.052002] Last level dTLB entries: 4KB 64, 2MB 0, 4MB 0, 1GB 4
[    0.056004] Spectre V1 : Mitigation: usercopy/swapgs barriers and __user pointer sanitization
[    0.060004] Spectre V2 : Mitigation: Retpolines
[    0.064002] Spectre V2 : Spectre v2 / SpectreRSB mitigation: Filling RSB on context switch
[    0.068002] Spectre V2 : Spectre v2 / SpectreRSB : Filling RSB on VMEXIT
[    0.072002] RETBleed: WARNING: Spectre v2 mitigation leaves CPU vulnerable to RETBleed attacks, data leaks possible!
[    0.076002] RETBleed: Vulnerable
[    0.080002] Speculative Store Bypass: Vulnerable
[    0.084089] MDS: Mitigation: Clear CPU buffers
[    0.088003] MMIO Stale Data: Mitigation: Clear CPU buffers
[    0.092003] SRBDS: Unknown: Dependent on hypervisor status
[    0.104000] Freeing SMP alternatives memory: 36K
[    0.216498] smpboot: CPU0: Intel(R) Core(TM) i7-8550U CPU @ 1.80GHz (family: 0x6, model: 0x8e, stepping: 0xa)
[    0.220118] Performance Events: unsupported p6 CPU model 142 no PMU driver, software events only.
[    0.224071] Hierarchical SRCU implementation.
[    0.228544] NMI watchdog: Perf event create on CPU 0 failed with -2
[    0.232002] NMI watchdog: Perf NMI watchdog permanently disabled
[    0.236104] smp: Bringing up secondary CPUs ...
[    0.244003] smp: Brought up 1 node, 1 CPU
[    0.248074] smpboot: Max logical packages: 1
[    0.252003] smpboot: Total of 1 processors activated (3983.99 BogoMIPS)
[    0.256135] devtmpfs: initialized
[    0.260049] x86/mm: Memory block size: 128MB
[    0.264094] evm: security.selinux
[    0.268004] evm: security.SMACK64
[    0.271242] evm: security.SMACK64EXEC
[    0.272002] evm: security.SMACK64TRANSMUTE
[    0.276002] evm: security.SMACK64MMAP
[    0.280002] evm: security.apparmor
[    0.284002] evm: security.ima
[    0.288002] evm: security.capability
[    0.292145] clocksource: jiffies: mask: 0xffffffff max_cycles: 0xffffffff, max_idle_ns: 7645041785100000 ns
[    0.296010] futex hash table entries: 256 (order: 2, 16384 bytes)
[    0.300057] pinctrl core: initialized pinctrl subsystem
[    0.304513] RTC time: 17:31:52, date: 11/10/24
[    0.308150] NET: Registered protocol family 16
[    0.312082] audit: initializing netlink subsys (disabled)
[    0.316153] cpuidle: using governor ladder
[    0.320005] audit: type=2000 audit(1731259918.786:1): state=initialized audit_enabled=0 res=1
[    0.324006] cpuidle: using governor menu
[    0.328040] ACPI: bus type PCI registered
[    0.332009] acpiphp: ACPI Hot Plug PCI Controller Driver version: 0.5
[    0.336458] PCI: Using configuration type 1 for base access
[    0.341336] HugeTLB registered 2.00 MiB page size, pre-allocated 0 pages
[    0.344254] ACPI: Added _OSI(Module Device)
[    0.348004] ACPI: Added _OSI(Processor Device)
[    0.352003] ACPI: Added _OSI(3.0 _SCP Extensions)
[    0.360003] ACPI: Added _OSI(Processor Aggregator Device)
[    0.364010] ACPI: Added _OSI(Linux-Dell-Video)
[    0.368021] ACPI: Added _OSI(Linux-Lenovo-NV-HDMI-Audio)
[    0.372004] ACPI: Added _OSI(Linux-HPI-Hybrid-Graphics)
[    0.376905] ACPI: Executed 1 blocks of module-level executable AML code
[    0.388850] ACPI: Interpreter enabled
[    0.392013] ACPI: (supports S0 S5)
[    0.396004] ACPI: Using IOAPIC for interrupt routing
[    0.400425] PCI: Using host bridge windows from ACPI; if necessary, use "pci=nocrs" and report a bug
[    0.404267] ACPI: Enabled 2 GPEs in block 00 to 07
[    0.422837] ACPI: PCI Root Bridge [PCI0] (domain 0000 [bus 00-ff])
[    0.424008] acpi PNP0A03:00: _OSC: OS supports [ASPM ClockPM Segments MSI]
[    0.432716] acpi PNP0A03:00: _OSC: not requesting OS control; OS requires [ExtendedConfig ASPM ClockPM MSI]
[    0.436015] acpi PNP0A03:00: fail to add MMCONFIG information, can't access extended PCI configuration space under this bridge.
[    0.440762] PCI host bridge to bus 0000:00
[    0.444004] pci_bus 0000:00: root bus resource [io  0x0000-0x0cf7 window]
[    0.448004] pci_bus 0000:00: root bus resource [io  0x0d00-0xffff window]
[    0.452004] pci_bus 0000:00: root bus resource [mem 0x000a0000-0x000bffff window]
[    0.456004] pci_bus 0000:00: root bus resource [mem 0x20000000-0xfdffffff window]
[    0.460004] pci_bus 0000:00: root bus resource [bus 00-ff]
[    0.473803] pci 0000:00:01.1: legacy IDE quirk: reg 0x10: [io  0x01f0-0x01f7]
[    0.476003] pci 0000:00:01.1: legacy IDE quirk: reg 0x14: [io  0x03f6]
[    0.480003] pci 0000:00:01.1: legacy IDE quirk: reg 0x18: [io  0x0170-0x0177]
[    0.484003] pci 0000:00:01.1: legacy IDE quirk: reg 0x1c: [io  0x0376]
[    0.514244] pci 0000:00:07.0: quirk: [io  0x4000-0x403f] claimed by PIIX4 ACPI
[    0.516044] pci 0000:00:07.0: quirk: [io  0x4100-0x410f] claimed by PIIX4 SMB
[    0.532022] ACPI: PCI Interrupt Link [LNKA] (IRQs 5 9 10 *11)
[    0.536578] ACPI: PCI Interrupt Link [LNKB] (IRQs 5 9 *10 11)
[    0.540221] ACPI: PCI Interrupt Link [LNKC] (IRQs 5 *9 10 11)
[    0.548201] ACPI: PCI Interrupt Link [LNKD] (IRQs 5 9 10 *11)
[    0.552487] SCSI subsystem initialized
[    0.556120] pci 0000:00:02.0: vgaarb: setting as boot VGA device
[    0.560000] pci 0000:00:02.0: vgaarb: VGA device added: decodes=io+mem,owns=io+mem,locks=none
[    0.560006] pci 0000:00:02.0: vgaarb: bridge control possible
[    0.564002] vgaarb: loaded
[    0.568037] ACPI: bus type USB registered
[    0.572020] usbcore: registered new interface driver usbfs
[    0.576019] usbcore: registered new interface driver hub
[    0.580019] usbcore: registered new device driver usb
[    0.584110] EDAC MC: Ver: 3.0.0
[    0.588866] PCI: Using ACPI for IRQ routing
[    0.592878] NetLabel: Initializing
[    0.596003] NetLabel:  domain hash size = 128
[    0.600002] NetLabel:  protocols = UNLABELED CIPSOv4 CALIPSO
[    0.604036] NetLabel:  unlabeled traffic allowed by default
[    0.608311] clocksource: Switched to clocksource kvm-clock
[    0.664071] VFS: Disk quotas dquot_6.6.0
[    0.672229] VFS: Dquot-cache hash table entries: 512 (order 0, 4096 bytes)
[    0.680626] AppArmor: AppArmor Filesystem Enabled
[    0.685895] pnp: PnP ACPI init
[    0.692084] pnp: PnP ACPI: found 3 devices
[    0.706557] clocksource: acpi_pm: mask: 0xffffff max_cycles: 0xffffff, max_idle_ns: 2085701024 ns
[    0.718654] NET: Registered protocol family 2
[    0.724736] IP idents hash table entries: 8192 (order: 4, 65536 bytes)
[    0.732203] TCP established hash table entries: 4096 (order: 3, 32768 bytes)
[    0.739897] TCP bind hash table entries: 4096 (order: 4, 65536 bytes)
[    0.747645] TCP: Hash tables configured (established 4096 bind 4096)
[    0.754745] UDP hash table entries: 256 (order: 1, 8192 bytes)
[    0.760226] UDP-Lite hash table entries: 256 (order: 1, 8192 bytes)
[    0.766828] NET: Registered protocol family 1
[    0.771472] pci 0000:00:00.0: Limiting direct PCI/PCI transfers
[    0.777735] pci 0000:00:01.0: Activating ISA DMA hang workarounds
[    0.784293] pci 0000:00:02.0: Video device with shadowed ROM at [mem 0x000c0000-0x000dffff]
[    0.792671] Unpacking initramfs...
[    1.387420] Freeing initrd memory: 19528K
[    1.393339] clocksource: tsc: mask: 0xffffffffffffffff max_cycles: 0x396d4e5fc9d, max_idle_ns: 881590756024 ns
[    1.404457] platform rtc_cmos: registered platform RTC device (no PNP device found)
[    1.413156] Scanning for low memory corruption every 60 seconds
[    1.419864] Initialise system trusted keyrings
[    1.425428] Key type blacklist registered
[    1.429740] workingset: timestamp_bits=36 max_order=17 bucket_order=0
[    1.438802] zbud: loaded
[    1.443713] squashfs: version 4.0 (2009/01/31) Phillip Lougher
[    1.450571] fuse init (API version 7.26)
[    1.457529] Key type asymmetric registered
[    1.461680] Asymmetric key parser 'x509' registered
[    1.466747] Block layer SCSI generic (bsg) driver version 0.4 loaded (major 246)
[    1.473674] io scheduler noop registered
[    1.477621] io scheduler deadline registered
[    1.481813] io scheduler cfq registered (default)
[    1.487079] ACPI: AC Adapter [AC] (on-line)
[    1.491265] input: Power Button as /devices/LNXSYSTM:00/LNXPWRBN:00/input/input0
[    1.498489] ACPI: Power Button [PWRF]
[    1.503072] input: Sleep Button as /devices/LNXSYSTM:00/LNXSLPBN:00/input/input1
[    1.512126] ACPI: Sleep Button [SLPF]
[    1.518800] ACPI: Battery Slot [BAT0] (battery present)
[    1.524991] Serial: 8250/16550 driver, 32 ports, IRQ sharing enabled
[    1.570279] 00:02: ttyS0 at I/O 0x3f8 (irq = 4, base_baud = 115200) is a 16550A
[    1.584845] Linux agpgart interface v0.103
[    1.594037] loop: module loaded
[    1.600420] scsi host0: ata_piix
[    1.604808] scsi host1: ata_piix
[    1.609187] ata1: PATA max UDMA/33 cmd 0x1f0 ctl 0x3f6 bmdma 0xd000 irq 14
[    1.618295] ata2: PATA max UDMA/33 cmd 0x170 ctl 0x376 bmdma 0xd008 irq 15
[    1.628795] tun: Universal TUN/TAP device driver, 1.6
[    1.634354] PPP generic driver version 2.4.2
[    1.638881] ehci_hcd: USB 2.0 'Enhanced' Host Controller (EHCI) Driver
[    1.645474] ehci-pci: EHCI PCI platform driver
[    1.650102] ehci-platform: EHCI generic platform driver
[    1.655728] ohci_hcd: USB 1.1 'Open' Host Controller (OHCI) Driver
[    1.661892] ohci-pci: OHCI PCI platform driver
[    1.666671] ohci-platform: OHCI generic platform driver
[    1.672434] uhci_hcd: USB Universal Host Controller Interface driver
[    1.679678] i8042: PNP: PS/2 Controller [PNP0303:PS2K,PNP0f03:PS2M] at 0x60,0x64 irq 1,12
[    1.693070] serio: i8042 KBD port at 0x60,0x64 irq 1
[    1.698748] serio: i8042 AUX port at 0x60,0x64 irq 12
[    1.705920] mousedev: PS/2 mouse device common for all mice
[    1.713775] input: AT Translated Set 2 keyboard as /devices/platform/i8042/serio0/input/input2
[    1.724293] rtc_cmos rtc_cmos: rtc core: registered rtc_cmos as rtc0
[    1.732903] rtc_cmos rtc_cmos: alarms up to one day, 114 bytes nvram
[    1.739807] i2c /dev entries driver
[    1.744040] device-mapper: uevent: version 1.0.3
[    1.748963] device-mapper: ioctl: 4.37.0-ioctl (2017-09-20) initialised: dm-devel@redhat.com
[    1.757315] ledtrig-cpu: registered to indicate activity on CPUs
[    1.764056] NET: Registered protocol family 10
[    1.774793] Segment Routing with IPv6
[    1.779461] NET: Registered protocol family 17
[    1.847357] Key type dns_resolver registered
[    1.853369] mce: Using 0 MCE banks
[    1.857295] RAS: Correctable Errors collector initialized.
[    1.863156] sched_clock: Marking stable (1863090078, 0)->(2797813735, -934723657)
[    1.870589] registered taskstats version 1
[    1.875707] Loading compiled-in X.509 certificates
[    1.884440] Loaded X.509 cert 'Build time autogenerated kernel key: b5b26778eaa3ab3a4a6cee031137706e947d12ad'
[    1.897997] Loaded X.509 cert 'Canonical Ltd. Live Patch Signing: 14df34d1a87cf37625abec039ef2bf521249b969'
[    1.909398] Loaded X.509 cert 'Canonical Ltd. Kernel Module Signing: 88f752e560a1e0737e31163a466ad7b70a850c19'
[    1.920158] blacklist: Loading compiled-in revocation X.509 certificates
[    1.927573] Loaded X.509 cert 'Canonical Ltd. Secure Boot Signing: 61482aa2830d0ab2ad5af10b7250da9033ddcef0'
[    1.937704] Loaded X.509 cert 'Canonical Ltd. Secure Boot Signing (2017): 242ade75ac4a15e50d50c84b0d45ff3eae707a03'
[    1.949382] Loaded X.509 cert 'Canonical Ltd. Secure Boot Signing (ESM 2018): 365188c1d374d6b07c3c8f240f8ef722433d6a8b'
[    1.960034] Loaded X.509 cert 'Canonical Ltd. Secure Boot Signing (2019): c0746fd6c5da3ae827864651ad66ae47fe24b3e8'
[    1.971611] Loaded X.509 cert 'Canonical Ltd. Secure Boot Signing (2021 v1): a8d54bbb3825cfb94fa13c9f8a594a195c107b8d'
[    1.982493] Loaded X.509 cert 'Canonical Ltd. Secure Boot Signing (2021 v2): 4cf046892d6fd3c9a5b03f98d845f90851dc6a8c'
[    1.993704] Loaded X.509 cert 'Canonical Ltd. Secure Boot Signing (2021 v3): 100437bb6de6e469b581e61cd66bce3ef4ed53af'
[    2.005185] Loaded X.509 cert 'Canonical Ltd. Secure Boot Signing (Ubuntu Core 2019): c1d57b8f6b743f23ee41f4f7ee292f06eecadfb9'
[    2.016922] zswap: loaded using pool lzo/zbud
[    2.027068] Key type big_key registered
[    2.032165] Key type trusted registered
[    2.038809] Key type encrypted registered
[    2.043906] AppArmor: AppArmor sha1 policy hashing enabled
[    2.049362] ima: No TPM chip found, activating TPM-bypass! (rc=-19)
[    2.055316] ima: Allocated hash algorithm: sha1
[    2.059912] evm: HMAC attrs: 0x1
[    2.063820]   Magic number: 0:65:542
[    2.069343] rtc_cmos rtc_cmos: setting system clock to 2024-11-10 17:31:54 UTC (1731259914)
[    2.078735] BIOS EDD facility v0.16 2004-Jun-25, 0 devices found
[    2.085487] EDD information not available.
[    2.093174] Freeing unused kernel image memory: 2480K
[    2.104447] Write protecting the kernel read-only data: 20480k
[    2.111451] Freeing unused kernel image memory: 2008K
[    2.117327] Freeing unused kernel image memory: 1820K
[    2.128996] x86/mm: Checked W+X mappings: passed, no W+X pages found.
[    2.136363] x86/mm: Checking user space page tables
[    2.146496] x86/mm: Checked W+X mappings: passed, no W+X pages found.
Loading, please wait...
starting version 237
[    2.272905] e1000: Intel(R) PRO/1000 Network Driver - version 7.3.21-k8-NAPI
[    2.284128] e1000: Copyright (c) 1999-2006 Intel Corporation.
[    2.294680] Fusion MPT base driver 3.04.20
[    2.299363] Copyright (c) 1999-2008 LSI Corporation
[    2.336900] SSE version of gcm_enc/dec engaged.
[    2.370110] Fusion MPT SPI Host driver 3.04.20
[    2.393578] mptbase: ioc0: Initiating bringup
[    2.510424] ioc0: LSI53C1030 A0: Capabilities={Initiator}
[    2.547685] input: ImExPS/2 Generic Explorer Mouse as /devices/platform/i8042/serio1/input/input4
[    2.782952] scsi host2: ioc0: LSI53C1030 A0, FwRev=00000000h, Ports=1, MaxQ=256, IRQ=20
[    2.961330] scsi 2:0:0:0: Direct-Access     VBOX     HARDDISK         1.0  PQ: 0 ANSI: 5
[    2.974078] scsi target2:0:0: Beginning Domain Validation
[    2.988368] scsi target2:0:0: Domain Validation skipping write tests
[    2.995246] scsi target2:0:0: Ending Domain Validation
[    3.001581] scsi target2:0:0: asynchronous
[    3.008152] scsi 2:0:1:0: Direct-Access     VBOX     HARDDISK         1.0  PQ: 0 ANSI: 5
[    3.026335] scsi target2:0:1: Beginning Domain Validation
[    3.130764] scsi target2:0:1: Domain Validation skipping write tests
[    3.137366] scsi target2:0:1: Ending Domain Validation
[    3.154635] scsi target2:0:1: asynchronous
[    3.297341] sd 2:0:0:0: Attached scsi generic sg0 type 0
[    3.304415] sd 2:0:0:0: [sda] 83886080 512-byte logical blocks: (42.9 GB/40.0 GiB)
[    3.321731] sd 2:0:1:0: Attached scsi generic sg1 type 0
[    3.328669] sd 2:0:1:0: [sdb] 20480 512-byte logical blocks: (10.5 MB/10.0 MiB)
[    3.337047] sd 2:0:0:0: [sda] Write Protect is off
[    3.352229] sd 2:0:1:0: [sdb] Write Protect is off
[    3.357496] sd 2:0:0:0: [sda] Incomplete mode parameter data
[    3.364192] sd 2:0:0:0: [sda] Assuming drive cache: write through
[    3.386737] sd 2:0:1:0: [sdb] Incomplete mode parameter data
[    3.394127] sd 2:0:1:0: [sdb] Assuming drive cache: write through
[    3.420571]  sda: sda1
[    3.427765] sd 2:0:0:0: [sda] Attached SCSI disk
[    3.470205] sd 2:0:1:0: [sdb] Attached SCSI disk
[    3.881174] e1000 0000:00:03.0 eth0: (PCI:33MHz:32-bit) 02:3b:7b:b7:3b:2d
[    3.889022] e1000 0000:00:03.0 eth0: Intel(R) PRO/1000 Network Connection
[    4.587310] e1000 0000:00:08.0 eth1: (PCI:33MHz:32-bit) 08:00:27:9c:f6:c4
[    4.595110] e1000 0000:00:08.0 eth1: Intel(R) PRO/1000 Network Connection
[    4.604738] e1000 0000:00:08.0 enp0s8: renamed from eth1
[    4.624561] e1000 0000:00:03.0 enp0s3: renamed from eth0
Begin: Loading essential drivers ... [    6.880075] raid6: sse2x1   gen()  8145 MB/s
[    6.952201] raid6: sse2x1   xor()  7148 MB/s
[    7.004126] raid6: sse2x2   gen() 11115 MB/s
[    7.076151] raid6: sse2x2   xor()  8579 MB/s
[    7.149018] raid6: sse2x4   gen() 13597 MB/s
[    7.212221] raid6: sse2x4   xor()  7832 MB/s
[    7.221629] raid6: using algorithm sse2x4 gen() 13597 MB/s
[    7.235017] raid6: .... xor() 7832 MB/s, rmw enabled
[    7.245445] raid6: using ssse3x2 recovery algorithm
[    7.257658] xor: measuring software checksum speed
[    7.368239]    prefetch64-sse: 34908.000 MB/sec
[    7.483173]    generic_sse: 33063.000 MB/sec
[    7.492091] xor: using function: prefetch64-sse (34908.000 MB/sec)
[    7.502585] async_tx: api initialized (async)
done.
Begin: Running /scripts/init-premount ... done.
Begin: Mounting root file system ... Begin: Running /scripts/local-top ... done.
Begin: Running /scripts/local-premount ... [    7.598152] Btrfs loaded, crc32c=crc32c-intel
Scanning for Btrfs filesystems
done.
Warning: fsck not present, so skipping root file system
[    7.711136] EXT4-fs (sda1): mounted filesystem with ordered data mode. Opts: (null)
done.
Begin: Running /scripts/local-bottom ... done.
Begin: Running /scripts/init-bottom ... done.
[    8.179431] ip_tables: (C) 2000-2006 Netfilter Core Team
[    8.227191] systemd[1]: systemd 237 running in system mode. (+PAM +AUDIT +SELINUX +IMA +APPARMOR +SMACK +SYSVINIT +UTMP +LIBCRYPTSETUP +GCRYPT +GNUTLS +ACL +XZ +LZ4 +SECCOMP +BLKID +ELFUTILS +KMOD -IDN2 +IDN -PCRE2 default-hierarchy=hybrid)
[    8.268640] systemd[1]: Detected virtualization oracle.
[    8.278496] systemd[1]: Detected architecture x86-64.

Welcome to [1mUbuntu 18.04.6 LTS[0m!

[    8.299808] systemd[1]: Set hostname to <ubuntu>.
[    8.323813] systemd[1]: Initializing machine ID from random generator.
[    8.334804] systemd[1]: Installed transient /etc/machine-id file.
[    8.995909] systemd[1]: Reached target User and Group Name Lookups.
[[0;32m  OK  [0m] Reached target User and Group Name Lookups.
[    9.012739] systemd[1]: Created slice System Slice.
[[0;32m  OK  [0m] Created slice System Slice.
[    9.027761] systemd[1]: Listening on Journal Socket.
[[0;32m  OK  [0m] Listening on Journal Socket.
[    9.042893] systemd[1]: Listening on fsck to fsckd communication Socket.
[[0;32m  OK  [0m] Listening on fsck to fsckd communication Socket.
[[0;32m  OK  [0m] Started Forward Password Requests to Wall Directory Watch.
[[0;32m  OK  [0m] Listening on Device-mapper event daemon FIFOs.
         Mounting Huge Pages File System...
         Starting Uncomplicated firewall...
[[0;32m  OK  [0m] Listening on Network Service Netlink Socket.
[[0;32m  OK  [0m] Reached target System Time Synchronized.
[[0;32m  OK  [0m] Listening on /dev/initctl Compatibility Named Pipe.
[[0;32m  OK  [0m] Reached target Mounting snaps.
[[0;32m  OK  [0m] Reached target Mounted snaps.
[[0;32m  OK  [0m] Listening on Journal Audit Socket.
         Starting File System Check on Root Device...
[[0;32m  OK  [0m] Listening on LVM2 poll daemon socket.
[[0;32m  OK  [0m] Created slice User and Session Slice.
[[0;32m  OK  [0m] Reached target Slices.
[[0;32m  OK  [0m] Listening on udev Control Socket.
         Starting Load Kernel Modules...
[[0;32m  OK  [0m] Set up automount Arbitrary Executab…rmats File System Automount Point.
         Starting Set the console keyboard layout...
[[0;32m  OK  [0m] Created slice system-serial\x2dgetty.slice.
         [    9.274863] Loading iSCSI transport class v2.0-870.
Starting Create list of required st…ce nodes for the current kernel...
[[0;32m  OK  [0m] Reached target Swap.
[[0;32m  OK  [0m] Listening on Journal Socket (/dev/log).
         Mounting POSIX Message Queue File System...
         Mounting Kernel Debug File System...
[[0;32m  OK  [0m] Listening on udev Kernel Socket.
         Starting udev Coldplug all Devices...
[[0;32m  OK  [0m] Listening on LVM2 metadata daemon socket.
         Starting Monitoring of LVM2 mirrors…ng dmeventd or progress polling...
[    9.364554] iscsi: registered transport (tcp)
[[0;32m  OK  [0m] Listening on Syslog Socket.
         Starting Journal Service...
[[0;32m  OK  [0m] Mounted Huge Pages File System.
[[0;32m  OK  [0m] Started Uncomplicated firewall.
[[0;32m  OK  [0m] Started File System Check on Root Device.
[[0;32m  OK  [0m] Started Create list of required sta…vice nodes for the current kernel.
[[0;32m  OK  [0m] Mounted POSIX Message Queue File System.
[[0;32m  OK  [0m] Mounted Kernel Debug File System.
[[0;32m  OK  [0m] Started LVM2 metadata daemon.
[[0;32m  OK  [0m] Started File System Check Daemon to report status.
         Starting Create Static Device Nodes in /dev...
         Starting Remount Root and Kernel File Systems...
[[0;32m  OK  [0m] Started Journal Service.
[[0;32m  OK  [0m] Started Monitoring of LVM2 mirrors,…sing dmeventd or progress polling.
[[0;32m  OK  [0m] Started udev Coldplug all Devices.
[    9.713829] EXT4-fs (sda1): re-mounted. Opts: (null)
[[0;32m  OK  [0m] Started Remount Root and Kernel File Systems.
         Starting Load/Save Random Seed...
         Starting Flush Journal to Persistent Storage...
[[0;32m  OK  [0m] Started Create Static Device Nodes in /dev.
         Starting udev Kernel Device Manager...
[    9.814116] systemd-journald[406]: Received request to flush runtime journal from PID 1
[    9.835988] iscsi: registered transport (iser)
[[0;32m  OK  [0m] Started Load Kernel Modules.
[[0;32m  OK  [0m] Started Load/Save Random Seed.
         Starting Apply Kernel Variables...
         Mounting FUSE Control File System...
         Mounting Kernel Configuration File System...
[[0;32m  OK  [0m] Mounted FUSE Control File System.
[[0;32m  OK  [0m] Mounted Kernel Configuration File System.
[[0;32m  OK  [0m] Started udev Kernel Device Manager.
[[0;32m  OK  [0m] Started Apply Kernel Variables.
[[0;32m  OK  [0m] Started Flush Journal to Persistent Storage.
[[0;32m  OK  [0m] Found device /dev/ttyS0.
[[0;32m  OK  [0m] Listening on Load/Save RF Kill Switch Status /dev/rfkill Watch.
[[0;32m  OK  [0m] Started Set the console keyboard layout.
[[0;32m  OK  [0m] Reached target Local File Systems (Pre).
[[0;32m  OK  [0m] Reached target Local File Systems.
         Starting AppArmor initialization...
         Starting Create Volatile Files and Directories...
         Starting Set console font and keymap...
         Starting Commit a transient machine-id on disk...
         Starting Tell Plymouth To Write Out Runtime Data...
         Starting ebtables ruleset management...
[[0;32m  OK  [0m] Started Dispatch Password Requests to Console Directory Watch.
[[0;32m  OK  [0m] Reached target Local Encrypted Volumes.
[[0;32m  OK  [0m] Started Create Volatile Files and Directories.
[[0;32m  OK  [0m] Started Commit a transient machine-id on disk.
[[0;32m  OK  [0m] Started Tell Plymouth To Write Out Runtime Data.
         Mounting Arbitrary Executable File Formats File System...
         Starting Update UTMP about System Boot/Shutdown...
[[0;32m  OK  [0m] Mounted Arbitrary Executable File Formats File System.
[[0;32m  OK  [0m] Started Update UTMP about System Boot/Shutdown.
[[0;32m  OK  [0m] Started ebtables ruleset management.
[[0;32m  OK  [0m] Started AppArmor initialization.
         Starting Load AppArmor profiles managed internally by snapd...
         Starting Initial cloud-init job (pre-networking)...
[[0;32m  OK  [0m] Started Load AppArmor profiles managed internally by snapd.
[[0;32m  OK  [0m] Started Set console font and keymap.
[   18.357304] cloud-init[775]: Cloud-init v. 23.1.2-0ubuntu0~18.04.1 running 'init-local' at Sun, 10 Nov 2024 17:32:10 +0000. Up 17.88 seconds.
[[0;32m  OK  [0m] Started Initial cloud-init job (pre-networking).
[[0;32m  OK  [0m] Reached target Network (Pre).
         Starting Network Service...
[[0;32m  OK  [0m] Started Network Service.
         Starting Network Name Resolution...
         Starting Wait for Network to be Configured...
[[0;32m  OK  [0m] Started Network Name Resolution.
[[0;32m  OK  [0m] Reached target Network.
[[0;32m  OK  [0m] Reached target Host and Network Name Lookups.
[[0;32m  OK  [0m] Started Wait for Network to be Configured.
         Starting Initial cloud-init job (metadata service crawler)...
[   21.247399] cloud-init[902]: Cloud-init v. 23.1.2-0ubuntu0~18.04.1 running 'init' at Sun, 10 Nov 2024 17:32:13 +0000. Up 21.09 seconds.
[   21.261327] cloud-init[902]: ci-info: ++++++++++++++++++++++++++++++++++++++Net device info+++++++++++++++++++++++++++++++++++++++
[   21.270873] cloud-init[902]: ci-info: +--------+-------+----------------------------+---------------+--------+-------------------+
[   21.290794] cloud-init[902]: ci-info: | Device |   Up  |          Address           |      Mask     | Scope  |     Hw-Address    |
[   21.306005] cloud-init[902]: ci-info: +--------+-------+----------------------------+---------------+--------+-------------------+
[   21.318395] cloud-init[902]: ci-info: | enp0s3 |  True |         10.0.2.15          | 255.255.255.0 | global | 02:3b:7b:b7:3b:2d |
[   21.338253] cloud-init[902]: ci-info: | enp0s3 |  True | fd00::3b:7bff:feb7:3b2d/64 |       .       | global | 02:3b:7b:b7:3b:2d |
[   21.355280] cloud-init[902]: ci-info: | enp0s3 |  True | fe80::3b:7bff:feb7:3b2d/64 |       .       |  link  | 02:3b:7b:b7:3b:2d |
[   21.365584] cloud-init[902]: ci-info: | enp0s8 | False |             .              |       .       |   .    | 08:00:27:9c:f6:c4 |
[   21.374160] cloud-init[902]: ci-info: |   lo   |  True |         127.0.0.1          |   255.0.0.0   |  host  |         .         |
[   21.382220] cloud-init[902]: ci-info: |   lo   |  True |          ::1/128           |       .       |  host  |         .         |
[   21.391806] cloud-init[902]: ci-info: +--------+-------+----------------------------+---------------+--------+-------------------+
[   21.407463] cloud-init[902]: ci-info: ++++++++++++++++++++++++++++Route IPv4 info+++++++++++++++++++++++++++++
[   21.421514] cloud-init[902]: ci-info: +-------+-------------+----------+-----------------+-----------+-------+
[   21.428480] cloud-init[902]: ci-info: | Route | Destination | Gateway  |     Genmask     | Interface | Flags |
[   21.435840] cloud-init[902]: ci-info: +-------+-------------+----------+-----------------+-----------+-------+
[   21.443568] cloud-init[902]: ci-info: |   0   |   0.0.0.0   | 10.0.2.2 |     0.0.0.0     |   enp0s3  |   UG  |
[   21.450209] cloud-init[902]: ci-info: |   1   |   10.0.2.0  | 0.0.0.0  |  255.255.255.0  |   enp0s3  |   U   |
[   21.457465] cloud-init[902]: ci-info: |   2   |   10.0.2.2  | 0.0.0.0  | 255.255.255.255 |   enp0s3  |   UH  |
[   21.464671] cloud-init[902]: ci-info: +-------+-------------+----------+-----------------+-----------+-------+
[   21.473984] cloud-init[902]: ci-info: +++++++++++++++++++Route IPv6 info+++++++++++++++++++
[   21.481775] cloud-init[902]: ci-info: +-------+-------------+---------+-----------+-------+
[   21.492641] cloud-init[902]: ci-info: | Route | Destination | Gateway | Interface | Flags |
[   21.504414] cloud-init[902]: ci-info: +-------+-------------+---------+-----------+-------+
[   21.516062] cloud-init[902]: ci-info: |   1   |  fd00::/64  |    ::   |   enp0s3  |   U   |
[   21.528306] cloud-init[902]: ci-info: |   2   |  fe80::/64  |    ::   |   enp0s3  |   U   |
[   21.540422] cloud-init[902]: ci-info: |   3   |     ::/0    | fe80::2 |   enp0s3  |   UG  |
[   21.554972] cloud-init[902]: ci-info: |   5   |    local    |    ::   |   enp0s3  |   U   |
[   21.568471] cloud-init[902]: ci-info: |   6   |   ff00::/8  |    ::   |   enp0s3  |   U   |
[   21.576603] cloud-init[902]: ci-info: +-------+-------------+---------+-----------+-------+
[   22.704836] cloud-init[902]: Generating public/private rsa key pair.
[   22.725163] cloud-init[902]: Your identification has been saved in /etc/ssh/ssh_host_rsa_key.
[   22.731466] cloud-init[902]: Your public key has been saved in /etc/ssh/ssh_host_rsa_key.pub.
[   22.744683] cloud-init[902]: The key fingerprint is:
[   22.753666] cloud-init[902]: SHA256:vlntWsS4I63niGVYOI8ZcEWmK5OtfkzIy/AsyMBMjJY root@ubuntu-bionic
[   22.775291] cloud-init[902]: The key's randomart image is:
[   22.781273] cloud-init[902]: +---[RSA 2048]----+
[   22.798693] cloud-init[902]: |       .+        |
[   22.816409] cloud-init[902]: |       +         |
[   22.822865] cloud-init[902]: |o . . o          |
[   22.834597] cloud-init[902]: |.E   = o   o     |
[[0;32m  OK  [0m] Started Initial cloud-init job (metadata service crawler).[   22.846457] cloud-init[902]: |=  .+.* S . o    |

[[0;32m  OK  [0m] Reached target Cloud-config availability.[   22.857610] cloud-init[902]: 
[[0;32m  OK  [0m] Reached target Network is Online.|.o. o+.X . +     |

         Starting Availability of block devices...
[   22.879615] cloud-init[902]: |o. =.++ * = o    |[[0;32m  OK  [0m] Reached target Remote File Systems (Pre).
[[0;32m  OK  [0m] Reached target Remote File Systems.
[   22.898313] cloud-init[902]: 
[[0;32m  OK  [0m] |....= o+ B.+     |Reached target System Initialization.

[   22.913907] cloud-init[902]:          Starting LXD - unix socket.
[|   .... =oo..    |
[   22.923374] [0;32m  OK  [0m] Started Message of the Day.
[[0;32m  OK  [0m] Listening on ACPID Listen Socket.
cloud-init[902]: +----[SHA256]-----+
[   22.943817] [[0;32m  OK  [0m] Started Discard unused blocks once a week.
[[0;32m  OK  [0m] Listening on UUID daemon activation socket.cloud-init[902]: Generating public/private dsa key pair.
[[0;32m  OK  [0m] Started Ubuntu Advantage Timer for running repeated jobs.
[   22.967269] cloud-init[902]: Your identification has been saved in /etc/ssh/ssh_host_dsa_key.
[[0;32m  OK  [0m] Listening on Open-iSCSI iscsid Socket.
[   22.978189] cloud-init[902]: 
[[0;32m  OK  [0m] Started Daily apt download activities.Your public key has been saved in /etc/ssh/ssh_host_dsa_key.pub.
[   22.989327] cloud-init[902]: The key fingerprint is:
[[0;32m  OK  [0m] Listening on cloud-init hotplug hook socket.

[   22.999708] [[0;32m  OK  [0m] Listening on D-Bus System Message Bus Socket.cloud-init[902]: SHA256:FCqJ6dLW+Jo6ok9jTdktti0XcTwVF4zCK6NpsKVtXAk root@ubuntu-bionic

[   23.011330] [[0;32m  OK  [0m] Started ACPI Events Check.
cloud-init[902]: The key's randomart image is:
[[0;32m  OK  [0m] Reached target Paths.
[   23.024479] cloud-init[902]: +---[DSA 1024]----+[[0;32m  OK  [0m] Started Daily Cleanup of Temporary Directories.
[   23.034025] cloud-init[902]: 
[[0;32m  OK  [0m] Started Daily apt upgrade and clean activities.|        ..  o+o. |
[   23.043493] cloud-init[902]: |   o .E. oo....  |
[   23.048011] 
         Starting Socket activation for snappy daemon.cloud-init[902]: |  o o ..o.+o     |
[[0;32m  OK  [0m] Reached target Timers.

[   23.066533] cloud-init[[0;32m  OK  [0m] Started Availability of block devices.[902]: | o o.+.o=o..     |
[   23.075247] 
[[0;32m  OK  [0m] Listening on LXD - unix socket.
[[0;32m  OK  [0mcloud-init[902]: |. = +B++So       |
] Listening on Socket activation for snappy daemon.
[[   23.098918] cloud-init[0;32m  OK  [0m] Reached target Sockets.
[902]: | o +o.B+ .       |[[0;32m  OK  [0m] Reached target Basic System.

[   23.113666] cloud-init[902]:          Starting Virtualbox guest utils...
|  + ooo o        |
[   23.122285] cloud-init[902]:          Starting Login Service...
         Starting LSB: automatic crash report generation...
         Starting Pollinate to seed the pseudo random number generator...
[[0;32m  OK  [0m] Started FUSE filesystem for LXC.|oo +   o         |
[   23.167005] cloud-init
[902]: |=++              |
[   23.189240] cloud-init[902]: +----[SHA256]-----+
[   23.204757] cloud-init[902]: Generating public/private ecdsa key pair.
[   23.220998] cloud-init[902]: Your identification has been saved in /etc/ssh/ssh_host_ecdsa_key.
[[0;32m  OK  [0m] Started Regular background program processing daemon.
         Starting Permit User Sessions...
[[   23.248739] cloud-init[0;32m  OK  [0m] Reached target Login Prompts (Pre).
[902]: Your public key has been saved in /etc/ssh/ssh_host_ecdsa_key.pub.
[   23.277694]          Starting Accounts Service...
cloud-init[[0;32m  OK  [0m] Started D-Bus System Message Bus.[902]: The key fingerprint is:

[   23.302485] cloud-init[902]: SHA256:oRhO2wgWfeXvLSpPwbkcGdioQAKuWRwdc636ged4xQ8 root@ubuntu-bionic
[   23.316302] cloud-init[902]: The key's randomart image is:
[   23.330022] cloud-init[902]: +---[ECDSA 256]---+
[   23.341323] cloud-init[902]: |+ +oo..o.        |
[   23.354868] cloud-init[902]: |.+ ooo.=.        |
[   23.370204] cloud-init[902]: | .* o.o.=        |
[   23.382208] cloud-init[902]: |.+ = B.o *       |
[   23.390538] cloud-init[902]: |o   *oo.S .      |[[0;32m  OK  [0m] Started Login Service.

[[0;32m  OK  [0m] Started Unattended Upgrades Shutdown.
         [   23.422024] cloud-initStarting System Logging Service...
[902]: |    o o.E= .     |         Starting Snap Daemon...

[[0;32m  OK  [0m] Started Deferred execution scheduler.[   23.469981] 
cloud-init[902]: |     = o+oo .    |
[   23.485379] cloud-init[902]: |    . =. ...     |
[   23.507691] cloud-init[902]: |     . oo        |
[   23.527641] cloud-init[902]: +----[SHA256]-----+
[   23.544889] cloud-init[902]: Generating public/private ed25519 key pair.
[   23.562315] cloud-init[902]: Your identification has been saved in /etc/ssh/ssh_host_ed25519_key.
[   23.570747] cloud-init[902]: Your public key has been saved in /etc/ssh/ssh_host_ed25519_key.pub.
[   23.580116] cloud-init[902]: The key fingerprint is:
[   23.585422] cloud-init[902]: SHA256:Iuv9AWS4a1P7B5Ns8Skhhu1adEDXHF0BUaF+b7idC9s root@ubuntu-bionic
[   23.591376] cloud-init[902]: The key's randomart image is:
[   23.596057] cloud-init[902]: +--[ED25519 256]--+
[   23.600840] cloud-init[902]: |     .. .o.oo==o |
[   23.605976] cloud-init[902]: |     ...  o ..   |
[   23.610188] cloud-init[902]:          Starting Dispatcher daemon for systemd-networkd...|    .oo.    .    |

         Starting LSB: Record successful boot for GRUB...
[   23.634601] cloud-init[902]: |    .+= +  .     |
[   23.654157] cloud-init[902]: |    o+++S= .. .  |
[   23.680940] cloud-init[902]: |     =o+B o  . o |
[   23.719532] cloud-init[902]: |    =o...+   .. o|
[   23.737946] cloud-init[902]: [[0;32m  OK  [0m] Started irqbalance daemon.
         Starting LXD - container startup/shutdown...
[[0;32m  OK  [0m] Started System Logging Service.|   o.o . ..   ++.|
[[0;32m  OK  [0m] Started Permit User Sessions.

[   23.837127] cloud-init[902]: |    . ..o.   ..Eo|
[   23.859981] cloud-init[902]: +----[SHA256]-----+
         Starting Authorization Manager...
         Starting Hostname Service...
         Starting Terminate Plymouth Boot Screen...
         Starting Hold until boot process finishes up...
[[0;32m  OK  [0m] Started Hold until boot process finishes up.
[[0;32m  OK  [0m] Started Terminate Plymouth Boot Screen.
[[0;32m  OK  [0m] Started LSB: automatic crash report generation.
         Starting Set console scheme...
[[0;32m  OK  [0m] Started Serial Getty on ttyS0.
[[0;32m  OK  [0m] Started Set console scheme.
[[0;32m  OK  [0m] Created slice system-getty.slice.
[[0;32m  OK  [0m] Started Getty on tty1.
[[0;32m  OK  [0m] Reached target Login Prompts.
[[0;32m  OK  [0m] Started Hostname Service.
[[0;32m  OK  [0m] Started LSB: Record successful boot for GRUB.
[[0;32m  OK  [0m] Started Authorization Manager.
[[0;32m  OK  [0m] Started Accounts Service.
[[0;32m  OK  [0m] Started Virtualbox guest utils.
[[0;32m  OK  [0m] Started LXD - container startup/shutdown.
[[0;32m  OK  [0m] Started Dispatcher daemon for systemd-networkd.
[[0;32m  OK  [0m] Started Pollinate to seed the pseudo random number generator.
[[0;32m  OK  [0m] Started Snap Daemon.
         Starting Wait until snapd is fully seeded...
         Starting OpenBSD Secure Shell server...
[[0;32m  OK  [0m] Started OpenBSD Secure Shell server.
[[0;32m  OK  [0m] Created slice User Slice of vagrant.
         Starting User Manager for UID 1000...
[[0;32m  OK  [0m] Started Session 1 of user vagrant.
[[0;32m  OK  [0m] Started User Manager for UID 1000.
         Starting Time & Date Service...
[[0;32m  OK  [0m] Started Time & Date Service.

Ubuntu 18.04.6 LTS ubuntu-bionic ttyS0

ubuntu-bionic login: [   41.052362] cloud-init[1694]: Cloud-init v. 23.1.2-0ubuntu0~18.04.1 running 'modules:config' at Sun, 10 Nov 2024 17:32:32 +0000. Up 40.01 seconds.
ci-info: no authorized SSH keys fingerprints found for user ubuntu.
<14>Nov 10 17:32:34 cloud-init: #############################################################
<14>Nov 10 17:32:34 cloud-init: -----BEGIN SSH HOST KEY FINGERPRINTS-----
<14>Nov 10 17:32:34 cloud-init: 1024 SHA256:FCqJ6dLW+Jo6ok9jTdktti0XcTwVF4zCK6NpsKVtXAk root@ubuntu-bionic (DSA)
<14>Nov 10 17:32:34 cloud-init: 256 SHA256:oRhO2wgWfeXvLSpPwbkcGdioQAKuWRwdc636ged4xQ8 root@ubuntu-bionic (ECDSA)
<14>Nov 10 17:32:34 cloud-init: 256 SHA256:Iuv9AWS4a1P7B5Ns8Skhhu1adEDXHF0BUaF+b7idC9s root@ubuntu-bionic (ED25519)
<14>Nov 10 17:32:34 cloud-init: 2048 SHA256:vlntWsS4I63niGVYOI8ZcEWmK5OtfkzIy/AsyMBMjJY root@ubuntu-bionic (RSA)
<14>Nov 10 17:32:34 cloud-init: -----END SSH HOST KEY FINGERPRINTS-----
<14>Nov 10 17:32:34 cloud-init: #############################################################
-----BEGIN SSH HOST KEY KEYS-----
ecdsa-sha2-nistp256 AAAAE2VjZHNhLXNoYTItbmlzdHAyNTYAAAAIbmlzdHAyNTYAAABBBMo5wOxbaYDJey7XEp+2Z7kudNiEYo4+b3ujdMCKka6kAD4sGseZPfYAmqAaxGAMBobS1dKVqWksU3JF1mpj4M8= root@ubuntu-bionic
ssh-ed25519 AAAAC3NzaC1lZDI1NTE5AAAAICLphxCC5ueiqRPbsEd3lHBj5fN8Y9mHmufZimEtXy30 root@ubuntu-bionic
ssh-rsa AAAAB3NzaC1yc2EAAAADAQABAAABAQC2e82wJ1i7ez9b76a+rP7fbvbZfiIcyUU4ryKVaO2M2mUCohmdWRs2AXXZLx4r6Nfx53nF/2rUfT+CpySXkC0iwlbr9MND2Wvtv4LmmNXw2o4UJNsH2mGQhml/TE6Oos+PILGYre2/7eO0UddxE/EUdKP5vy76keUyhyNJmKihVt5p9TKDy1agbK11xFQDOjKl/pPCpTpxU4M9Zy64Ryun7Vp74YHlCAqj5rQUCB1eSjMK9iT4h8LE29MjClQMTdN1UW9XHhf7/19sKr4fgSfhrRduHpzoyw21HIvptyzfdLaE4jCEZc8Zdq7afkMJTkvZV14hIzm0n68wpBjwZTqJ root@ubuntu-bionic
-----END SSH HOST KEY KEYS-----
[   42.223439] cloud-init[1828]: Cloud-init v. 23.1.2-0ubuntu0~18.04.1 running 'modules:final' at Sun, 10 Nov 2024 17:32:34 +0000. Up 41.85 seconds.
[   42.240947] cloud-init[1828]: Cloud-init v. 23.1.2-0ubuntu0~18.04.1 finished at Sun, 10 Nov 2024 17:32:34 +0000. Datasource DataSourceNoCloud [seed=/dev/sdb][dsmode=net].  Up 42.21 seconds
